token: loaded from cache
[selector] 최근 10일 최고 성과 전략: GapFollow(gap≥0.3%, MA20, TP=2.0%, SL=-1.5%)
[selector] 시장 기본 전략: GapFollow(gap≥0.3%, MA20, TP=2.0%, SL=-1.5%, exit_below_open=True, excl=['069500', '148020'])
[selector] 시장 지표: {'gap_pct': 1.37, 'prev_range_pct': 12.57, 'trend': 'up', 'ma5_slope': -0.93, 'ma5': 143417.0, 'ma20': 134721.0}
[selector] 251340  갭다운 -1.70% → RSIOversoldBounce 보수 (오버라이드)
[selector] 233740  갭업 1.28% → GapFollow (오버라이드)
[selector] 114800  갭다운 -1.69% → RSIOversoldBounce 보수 (오버라이드)
[selector] 122630  갭업 2.89% → GapFollow (오버라이드)
[selector] 229200  갭업 1.10% → GapFollow (오버라이드)
[selector] 250780  갭다운 -1.06% → RSIOversoldBounce 보수 (오버라이드)
[selector] 005930  갭업 1.29% → GapFollow (오버라이드)
[selector] 000660  갭업 1.68% → GapFollow (오버라이드)
[selector] 활성 전략: GapFollow×8, RSIOversoldBounce×3
[06/24 22:33:35] 🚀 하네스 시작 — 전략: GapFollow×8, RSIOversoldBounce×3
[06/24 22:33:36] 예수금: 997,793원  종목별 주문금액: 329,272원
==========================
[손실] 일일 매매 결과 — 2026/06/24
==========================
전략         : Multi | GapFollow(gap≥0.3%, MA20, TP=2.0%, SL=-1.5%, exit_below_open=True) | GapFollow(gap≥0.3%, MA20, TP=2.0%, SL=-1.5%, exit_below_open=True, excl=['069500', '148020']) | RSIOversoldBounce(period=14, oversold=35, overbought=70.0, TP=1.5%, SL=-1.0%)
총 매매      : 1건  (승 0 / 패 1)
승률         : 0.0%
수익         : -11,443원  (-1.15%)
             ░░········
예수금 시작  : 997,793원
예수금 종료  : 997,793원
최고 거래     : RISE 200(148020) +-7.72% / +-11,443원
최악 거래     : RISE 200(148020) -7.72% / -11,443원
==========================
[06/24 22:33:39] 📴 전량 매도 완료 — 프로그램 종료
